[0.746s] DEBUG:colcon:Command line arguments: ['/usr/bin/colcon', 'build', '--packages-select', 'sim_gtg']
[0.746s] DEBUG:colcon:Parsed command line arguments: Namespace(log_base=None, log_level=None, verb_name='build', build_base='build', install_base='install', merge_install=False, symlink_install=False, test_result_base=None, continue_on_error=False, executor='parallel', parallel_workers=4, event_handlers=None, ignore_user_meta=False, metas=['./colcon.meta'], base_paths=['.'], packages_ignore=None, packages_ignore_regex=None, paths=None, packages_up_to=None, packages_up_to_regex=None, packages_above=None, packages_above_and_dependencies=None, packages_above_depth=None, packages_select_by_dep=None, packages_skip_by_dep=None, packages_skip_up_to=None, packages_select_build_failed=False, packages_skip_build_finished=False, packages_select_test_failures=False, packages_skip_test_passed=False, packages_select=['sim_gtg'], packages_skip=None, packages_select_regex=None, packages_skip_regex=None, packages_start=None, packages_end=None, allow_overriding=[], cmake_args=None, cmake_target=None, cmake_target_skip_unavailable=False, cmake_clean_cache=False, cmake_clean_first=False, cmake_force_configure=False, ament_cmake_args=None, catkin_cmake_args=None, catkin_skip_building_tests=False, mixin_files=None, mixin=None, verb_parser=<colcon_mixin.mixin.mixin_argument.MixinArgumentDecorator object at 0xffffa770e200>, verb_extension=<colcon_core.verb.build.BuildVerb object at 0xffffa782a830>, main=<bound method BuildVerb.main of <colcon_core.verb.build.BuildVerb object at 0xffffa782a830>>, mixin_verb=('build',))
[2.197s] Level 1:colcon.colcon_core.package_discovery:discover_packages(colcon_meta) check parameters
[2.197s] Level 1:colcon.colcon_core.package_discovery:discover_packages(recursive) check parameters
[2.198s] Level 1:colcon.colcon_core.package_discovery:discover_packages(ignore) check parameters
[2.198s] Level 1:colcon.colcon_core.package_discovery:discover_packages(path) check parameters
[2.198s] Level 1:colcon.colcon_core.package_discovery:discover_packages(colcon_meta) discover
[2.199s] Level 1:colcon.colcon_core.package_discovery:discover_packages(recursive) discover
[2.200s] INFO:colcon.colcon_core.package_discovery:Crawling recursively for packages in '/home/csav/ws_ros'
[2.200s] Level 1:colcon.colcon_core.package_identification:_identify(.) by extensions ['ignore', 'ignore_ament_install']
[2.201s] Level 1:colcon.colcon_core.package_identification:_identify(.) by extension 'ignore'
[2.202s] Level 1:colcon.colcon_core.package_identification:_identify(.) by extension 'ignore_ament_install'
[2.203s] Level 1:colcon.colcon_core.package_identification:_identify(.) by extensions ['colcon_pkg']
[2.203s] Level 1:colcon.colcon_core.package_identification:_identify(.) by extension 'colcon_pkg'
[2.204s] Level 1:colcon.colcon_core.package_identification:_identify(.) by extensions ['colcon_meta']
[2.204s] Level 1:colcon.colcon_core.package_identification:_identify(.) by extension 'colcon_meta'
[2.205s] Level 1:colcon.colcon_core.package_identification:_identify(.) by extensions ['ros']
[2.205s] Level 1:colcon.colcon_core.package_identification:_identify(.) by extension 'ros'
[2.287s] Level 1:colcon.colcon_core.package_identification:_identify(.) by extensions ['cmake', 'python']
[2.287s] Level 1:colcon.colcon_core.package_identification:_identify(.) by extension 'cmake'
[2.288s] Level 1:colcon.colcon_core.package_identification:_identify(.) by extension 'python'
[2.288s] Level 1:colcon.colcon_core.package_identification:_identify(.) by extensions ['python_setup_py']
[2.288s] Level 1:colcon.colcon_core.package_identification:_identify(.) by extension 'python_setup_py'
[2.289s] Level 1:colcon.colcon_core.package_identification:_identify(build) by extensions ['ignore', 'ignore_ament_install']
[2.290s] Level 1:colcon.colcon_core.package_identification:_identify(build) by extension 'ignore'
[2.291s] Level 1:colcon.colcon_core.package_identification:_identify(build) ignored
[2.292s] Level 1:colcon.colcon_core.package_identification:_identify(install) by extensions ['ignore', 'ignore_ament_install']
[2.292s] Level 1:colcon.colcon_core.package_identification:_identify(install) by extension 'ignore'
[2.294s] Level 1:colcon.colcon_core.package_identification:_identify(install) ignored
[2.295s] Level 1:colcon.colcon_core.package_identification:_identify(log) by extensions ['ignore', 'ignore_ament_install']
[2.295s] Level 1:colcon.colcon_core.package_identification:_identify(log) by extension 'ignore'
[2.296s] Level 1:colcon.colcon_core.package_identification:_identify(log) ignored
[2.297s] Level 1:colcon.colcon_core.package_identification:_identify(src) by extensions ['ignore', 'ignore_ament_install']
[2.297s] Level 1:colcon.colcon_core.package_identification:_identify(src) by extension 'ignore'
[2.298s] Level 1:colcon.colcon_core.package_identification:_identify(src) by extension 'ignore_ament_install'
[2.298s] Level 1:colcon.colcon_core.package_identification:_identify(src) by extensions ['colcon_pkg']
[2.298s] Level 1:colcon.colcon_core.package_identification:_identify(src) by extension 'colcon_pkg'
[2.299s] Level 1:colcon.colcon_core.package_identification:_identify(src) by extensions ['colcon_meta']
[2.299s] Level 1:colcon.colcon_core.package_identification:_identify(src) by extension 'colcon_meta'
[2.299s] Level 1:colcon.colcon_core.package_identification:_identify(src) by extensions ['ros']
[2.299s] Level 1:colcon.colcon_core.package_identification:_identify(src) by extension 'ros'
[2.300s] Level 1:colcon.colcon_core.package_identification:_identify(src) by extensions ['cmake', 'python']
[2.300s] Level 1:colcon.colcon_core.package_identification:_identify(src) by extension 'cmake'
[2.300s] Level 1:colcon.colcon_core.package_identification:_identify(src) by extension 'python'
[2.301s] Level 1:colcon.colcon_core.package_identification:_identify(src) by extensions ['python_setup_py']
[2.301s] Level 1:colcon.colcon_core.package_identification:_identify(src) by extension 'python_setup_py'
[2.302s] Level 1:colcon.colcon_core.package_identification:_identify(src/cam_pkg) by extensions ['ignore', 'ignore_ament_install']
[2.302s] Level 1:colcon.colcon_core.package_identification:_identify(src/cam_pkg) by extension 'ignore'
[2.303s] Level 1:colcon.colcon_core.package_identification:_identify(src/cam_pkg) by extension 'ignore_ament_install'
[2.303s] Level 1:colcon.colcon_core.package_identification:_identify(src/cam_pkg) by extensions ['colcon_pkg']
[2.303s] Level 1:colcon.colcon_core.package_identification:_identify(src/cam_pkg) by extension 'colcon_pkg'
[2.304s] Level 1:colcon.colcon_core.package_identification:_identify(src/cam_pkg) by extensions ['colcon_meta']
[2.304s] Level 1:colcon.colcon_core.package_identification:_identify(src/cam_pkg) by extension 'colcon_meta'
[2.304s] Level 1:colcon.colcon_core.package_identification:_identify(src/cam_pkg) by extensions ['ros']
[2.304s] Level 1:colcon.colcon_core.package_identification:_identify(src/cam_pkg) by extension 'ros'
[2.316s] DEBUG:colcon.colcon_core.package_identification:Package 'src/cam_pkg' with type 'ros.ament_python' and name 'cam_pkg'
[2.317s] Level 1:colcon.colcon_core.package_identification:_identify(src/sim_gtg) by extensions ['ignore', 'ignore_ament_install']
[2.318s] Level 1:colcon.colcon_core.package_identification:_identify(src/sim_gtg) by extension 'ignore'
[2.318s] Level 1:colcon.colcon_core.package_identification:_identify(src/sim_gtg) by extension 'ignore_ament_install'
[2.319s] Level 1:colcon.colcon_core.package_identification:_identify(src/sim_gtg) by extensions ['colcon_pkg']
[2.319s] Level 1:colcon.colcon_core.package_identification:_identify(src/sim_gtg) by extension 'colcon_pkg'
[2.319s] Level 1:colcon.colcon_core.package_identification:_identify(src/sim_gtg) by extensions ['colcon_meta']
[2.319s] Level 1:colcon.colcon_core.package_identification:_identify(src/sim_gtg) by extension 'colcon_meta'
[2.320s] Level 1:colcon.colcon_core.package_identification:_identify(src/sim_gtg) by extensions ['ros']
[2.320s] Level 1:colcon.colcon_core.package_identification:_identify(src/sim_gtg) by extension 'ros'
[2.323s] DEBUG:colcon.colcon_core.package_identification:Package 'src/sim_gtg' with type 'ros.ament_python' and name 'sim_gtg'
[2.323s] Level 1:colcon.colcon_core.package_discovery:discover_packages(recursive) using defaults
[2.324s] Level 1:colcon.colcon_core.package_discovery:discover_packages(ignore) discover
[2.324s] Level 1:colcon.colcon_core.package_discovery:discover_packages(ignore) using defaults
[2.324s] Level 1:colcon.colcon_core.package_discovery:discover_packages(path) discover
[2.324s] Level 1:colcon.colcon_core.package_discovery:discover_packages(path) using defaults
[2.423s] INFO:colcon.colcon_core.package_selection:Skipping not selected package 'cam_pkg' in 'src/cam_pkg'
[2.426s] Level 1:colcon.colcon_core.package_discovery:discover_packages(prefix_path) check parameters
[2.426s] Level 1:colcon.colcon_core.package_discovery:discover_packages(prefix_path) discover
[2.436s] DEBUG:colcon.colcon_installed_package_information.package_discovery:Found 1 installed packages in /home/csav/ws_ros/install
[2.446s] DEBUG:colcon.colcon_installed_package_information.package_discovery:Found 293 installed packages in /opt/ros/humble
[2.453s] Level 1:colcon.colcon_core.package_discovery:discover_packages(prefix_path) using defaults
[2.717s] Level 5:colcon.colcon_core.verb:set package 'sim_gtg' build argument 'cmake_args' from command line to 'None'
[2.717s] Level 5:colcon.colcon_core.verb:set package 'sim_gtg' build argument 'cmake_target' from command line to 'None'
[2.717s] Level 5:colcon.colcon_core.verb:set package 'sim_gtg' build argument 'cmake_target_skip_unavailable' from command line to 'False'
[2.717s] Level 5:colcon.colcon_core.verb:set package 'sim_gtg' build argument 'cmake_clean_cache' from command line to 'False'
[2.718s] Level 5:colcon.colcon_core.verb:set package 'sim_gtg' build argument 'cmake_clean_first' from command line to 'False'
[2.718s] Level 5:colcon.colcon_core.verb:set package 'sim_gtg' build argument 'cmake_force_configure' from command line to 'False'
[2.718s] Level 5:colcon.colcon_core.verb:set package 'sim_gtg' build argument 'ament_cmake_args' from command line to 'None'
[2.718s] Level 5:colcon.colcon_core.verb:set package 'sim_gtg' build argument 'catkin_cmake_args' from command line to 'None'
[2.718s] Level 5:colcon.colcon_core.verb:set package 'sim_gtg' build argument 'catkin_skip_building_tests' from command line to 'False'
[2.718s] DEBUG:colcon.colcon_core.verb:Building package 'sim_gtg' with the following arguments: {'ament_cmake_args': None, 'build_base': '/home/csav/ws_ros/build/sim_gtg', 'catkin_cmake_args': None, 'catkin_skip_building_tests': False, 'cmake_args': None, 'cmake_clean_cache': False, 'cmake_clean_first': False, 'cmake_force_configure': False, 'cmake_target': None, 'cmake_target_skip_unavailable': False, 'install_base': '/home/csav/ws_ros/install/sim_gtg', 'merge_install': False, 'path': '/home/csav/ws_ros/src/sim_gtg', 'symlink_install': False, 'test_result_base': None}
[2.719s] INFO:colcon.colcon_core.executor:Executing jobs using 'parallel' executor
[2.723s] DEBUG:colcon.colcon_parallel_executor.executor.parallel:run_until_complete
[2.724s] INFO:colcon.colcon_ros.task.ament_python.build:Building ROS package in '/home/csav/ws_ros/src/sim_gtg' with build type 'ament_python'
[2.725s] Level 1:colcon.colcon_core.shell:create_environment_hook('sim_gtg', 'ament_prefix_path')
[2.736s] INFO:colcon.colcon_core.plugin_system:Skipping extension 'colcon_core.shell.bat': Not used on non-Windows systems
[2.738s] INFO:colcon.colcon_core.shell:Creating environment hook '/home/csav/ws_ros/install/sim_gtg/share/sim_gtg/hook/ament_prefix_path.ps1'
[2.741s] INFO:colcon.colcon_core.shell:Creating environment descriptor '/home/csav/ws_ros/install/sim_gtg/share/sim_gtg/hook/ament_prefix_path.dsv'
[2.743s] INFO:colcon.colcon_core.shell:Creating environment hook '/home/csav/ws_ros/install/sim_gtg/share/sim_gtg/hook/ament_prefix_path.sh'
[2.746s] INFO:colcon.colcon_core.shell:Skip shell extension 'powershell' for command environment: Not usable outside of PowerShell
[2.747s] DEBUG:colcon.colcon_core.shell:Skip shell extension 'dsv' for command environment
[4.498s] INFO:colcon.colcon_core.task.python.build:Building Python package in '/home/csav/ws_ros/src/sim_gtg'
[4.499s] INFO:colcon.colcon_core.shell:Skip shell extension 'powershell' for command environment: Not usable outside of PowerShell
[4.499s] DEBUG:colcon.colcon_core.shell:Skip shell extension 'dsv' for command environment
[6.964s] DEBUG:colcon.colcon_core.event_handler.log_command:Invoking command in '/home/csav/ws_ros/src/sim_gtg': PYTHONPATH=/home/csav/ws_ros/build/sim_gtg/prefix_override:/usr/lib/python3/dist-packages/colcon_core/task/python/colcon_distutils_commands:/home/csav/ws_ros/install/sim_gtg/lib/python3.10/site-packages:${PYTHONPATH} /usr/bin/python3 -W ignore:setup.py install is deprecated setup.py egg_info --egg-base ../../build/sim_gtg build --build-base /home/csav/ws_ros/build/sim_gtg/build install --record /home/csav/ws_ros/build/sim_gtg/install.log --single-version-externally-managed install_data
[8.714s] DEBUG:colcon.colcon_core.event_handler.log_command:Invoked command in '/home/csav/ws_ros/src/sim_gtg' returned '0': PYTHONPATH=/home/csav/ws_ros/build/sim_gtg/prefix_override:/usr/lib/python3/dist-packages/colcon_core/task/python/colcon_distutils_commands:/home/csav/ws_ros/install/sim_gtg/lib/python3.10/site-packages:${PYTHONPATH} /usr/bin/python3 -W ignore:setup.py install is deprecated setup.py egg_info --egg-base ../../build/sim_gtg build --build-base /home/csav/ws_ros/build/sim_gtg/build install --record /home/csav/ws_ros/build/sim_gtg/install.log --single-version-externally-managed install_data
[8.729s] Level 1:colcon.colcon_core.environment:checking '/home/csav/ws_ros/install/sim_gtg' for CMake module files
[8.731s] Level 1:colcon.colcon_core.environment:checking '/home/csav/ws_ros/install/sim_gtg' for CMake config files
[8.735s] Level 1:colcon.colcon_core.environment:checking '/home/csav/ws_ros/install/sim_gtg/lib'
[8.736s] Level 1:colcon.colcon_core.environment:checking '/home/csav/ws_ros/install/sim_gtg/bin'
[8.737s] Level 1:colcon.colcon_core.environment:checking '/home/csav/ws_ros/install/sim_gtg/lib/pkgconfig/sim_gtg.pc'
[8.738s] Level 1:colcon.colcon_core.environment:checking '/home/csav/ws_ros/install/sim_gtg/lib/python3.10/site-packages'
[8.738s] Level 1:colcon.colcon_core.shell:create_environment_hook('sim_gtg', 'pythonpath')
[8.739s] INFO:colcon.colcon_core.shell:Creating environment hook '/home/csav/ws_ros/install/sim_gtg/share/sim_gtg/hook/pythonpath.ps1'
[8.741s] INFO:colcon.colcon_core.shell:Creating environment descriptor '/home/csav/ws_ros/install/sim_gtg/share/sim_gtg/hook/pythonpath.dsv'
[8.743s] INFO:colcon.colcon_core.shell:Creating environment hook '/home/csav/ws_ros/install/sim_gtg/share/sim_gtg/hook/pythonpath.sh'
[8.745s] Level 1:colcon.colcon_core.environment:checking '/home/csav/ws_ros/install/sim_gtg/bin'
[8.746s] Level 1:colcon.colcon_core.environment:create_environment_scripts_only(sim_gtg)
[8.747s] INFO:colcon.colcon_core.shell:Creating package script '/home/csav/ws_ros/install/sim_gtg/share/sim_gtg/package.ps1'
[8.750s] INFO:colcon.colcon_core.shell:Creating package descriptor '/home/csav/ws_ros/install/sim_gtg/share/sim_gtg/package.dsv'
[8.753s] INFO:colcon.colcon_core.shell:Creating package script '/home/csav/ws_ros/install/sim_gtg/share/sim_gtg/package.sh'
[8.757s] INFO:colcon.colcon_core.shell:Creating package script '/home/csav/ws_ros/install/sim_gtg/share/sim_gtg/package.bash'
[8.760s] INFO:colcon.colcon_core.shell:Creating package script '/home/csav/ws_ros/install/sim_gtg/share/sim_gtg/package.zsh'
[8.763s] Level 1:colcon.colcon_core.environment:create_file_with_runtime_dependencies(/home/csav/ws_ros/install/sim_gtg/share/colcon-core/packages/sim_gtg)
[8.764s] DEBUG:colcon.colcon_parallel_executor.executor.parallel:closing loop
[8.766s] DEBUG:colcon.colcon_parallel_executor.executor.parallel:loop closed
[8.766s] DEBUG:colcon.colcon_parallel_executor.executor.parallel:run_until_complete finished with '0'
[8.766s] DEBUG:colcon.colcon_core.event_reactor:joining thread
[8.790s] INFO:colcon.colcon_core.plugin_system:Skipping extension 'colcon_notification.desktop_notification.terminal_notifier': Not used on non-Darwin systems
[8.791s] INFO:colcon.colcon_core.plugin_system:Skipping extension 'colcon_notification.desktop_notification.win32': Not used on non-Windows systems
[8.791s] INFO:colcon.colcon_notification.desktop_notification:Sending desktop notification using 'notify2'
[8.862s] DEBUG:colcon.colcon_core.event_reactor:joined thread
[8.864s] INFO:colcon.colcon_core.shell:Creating prefix script '/home/csav/ws_ros/install/local_setup.ps1'
[8.868s] INFO:colcon.colcon_core.shell:Creating prefix util module '/home/csav/ws_ros/install/_local_setup_util_ps1.py'
[8.875s] INFO:colcon.colcon_core.shell:Creating prefix chain script '/home/csav/ws_ros/install/setup.ps1'
[8.881s] INFO:colcon.colcon_core.shell:Creating prefix script '/home/csav/ws_ros/install/local_setup.sh'
[8.886s] INFO:colcon.colcon_core.shell:Creating prefix util module '/home/csav/ws_ros/install/_local_setup_util_sh.py'
[8.889s] INFO:colcon.colcon_core.shell:Creating prefix chain script '/home/csav/ws_ros/install/setup.sh'
[8.894s] INFO:colcon.colcon_core.shell:Creating prefix script '/home/csav/ws_ros/install/local_setup.bash'
[8.897s] INFO:colcon.colcon_core.shell:Creating prefix chain script '/home/csav/ws_ros/install/setup.bash'
[8.902s] INFO:colcon.colcon_core.shell:Creating prefix script '/home/csav/ws_ros/install/local_setup.zsh'
[8.905s] INFO:colcon.colcon_core.shell:Creating prefix chain script '/home/csav/ws_ros/install/setup.zsh'
