[3.025s] Invoking command in '/home/csav/ws_ros/src/cam_pkg': PYTHONPATH=/home/csav/ws_ros/build/cam_pkg/prefix_override:/usr/lib/python3/dist-packages/colcon_core/task/python/colcon_distutils_commands:/home/csav/ws_ros/install/cam_pkg/lib/python3.10/site-packages:${PYTHONPATH} /usr/bin/python3 -W ignore:setup.py install is deprecated setup.py egg_info --egg-base ../../build/cam_pkg build --build-base /home/csav/ws_ros/build/cam_pkg/build install --record /home/csav/ws_ros/build/cam_pkg/install.log --single-version-externally-managed install_data
[4.252s] running egg_info
[4.256s] creating ../../build/cam_pkg/cam_pkg.egg-info
[4.256s] writing ../../build/cam_pkg/cam_pkg.egg-info/PKG-INFO
[4.258s] writing dependency_links to ../../build/cam_pkg/cam_pkg.egg-info/dependency_links.txt
[4.260s] writing entry points to ../../build/cam_pkg/cam_pkg.egg-info/entry_points.txt
[4.260s] writing requirements to ../../build/cam_pkg/cam_pkg.egg-info/requires.txt
[4.261s] writing top-level names to ../../build/cam_pkg/cam_pkg.egg-info/top_level.txt
[4.262s] writing manifest file '../../build/cam_pkg/cam_pkg.egg-info/SOURCES.txt'
[4.269s] reading manifest file '../../build/cam_pkg/cam_pkg.egg-info/SOURCES.txt'
[4.270s] adding license file 'LICENSE'
[4.272s] writing manifest file '../../build/cam_pkg/cam_pkg.egg-info/SOURCES.txt'
[4.274s] running build
[4.275s] running build_py
[4.275s] creating /home/csav/ws_ros/build/cam_pkg/build
[4.276s] creating /home/csav/ws_ros/build/cam_pkg/build/lib
[4.276s] creating /home/csav/ws_ros/build/cam_pkg/build/lib/cam_pkg
[4.276s] copying cam_pkg/cam.py -> /home/csav/ws_ros/build/cam_pkg/build/lib/cam_pkg
[4.277s] copying cam_pkg/__init__.py -> /home/csav/ws_ros/build/cam_pkg/build/lib/cam_pkg
[4.277s] running install
[4.279s] running install_lib
[4.282s] creating /home/csav/ws_ros/install/cam_pkg/lib/python3.10/site-packages/cam_pkg
[4.282s] copying /home/csav/ws_ros/build/cam_pkg/build/lib/cam_pkg/cam.py -> /home/csav/ws_ros/install/cam_pkg/lib/python3.10/site-packages/cam_pkg
[4.283s] copying /home/csav/ws_ros/build/cam_pkg/build/lib/cam_pkg/__init__.py -> /home/csav/ws_ros/install/cam_pkg/lib/python3.10/site-packages/cam_pkg
[4.286s] byte-compiling /home/csav/ws_ros/install/cam_pkg/lib/python3.10/site-packages/cam_pkg/cam.py to cam.cpython-310.pyc
[4.290s] byte-compiling /home/csav/ws_ros/install/cam_pkg/lib/python3.10/site-packages/cam_pkg/__init__.py to __init__.cpython-310.pyc
[4.291s] running install_data
[4.291s] creating /home/csav/ws_ros/install/cam_pkg/share/ament_index
[4.292s] creating /home/csav/ws_ros/install/cam_pkg/share/ament_index/resource_index
[4.292s] creating /home/csav/ws_ros/install/cam_pkg/share/ament_index/resource_index/packages
[4.292s] copying resource/cam_pkg -> /home/csav/ws_ros/install/cam_pkg/share/ament_index/resource_index/packages
[4.293s] copying package.xml -> /home/csav/ws_ros/install/cam_pkg/share/cam_pkg
[4.293s] running install_egg_info
[4.300s] Copying ../../build/cam_pkg/cam_pkg.egg-info to /home/csav/ws_ros/install/cam_pkg/lib/python3.10/site-packages/cam_pkg-0.0.0-py3.10.egg-info
[4.305s] running install_scripts
[4.386s] Installing cam script to /home/csav/ws_ros/install/cam_pkg/lib/cam_pkg
[4.387s] writing list of installed files to '/home/csav/ws_ros/build/cam_pkg/install.log'
[4.524s] Invoked command in '/home/csav/ws_ros/src/cam_pkg' returned '0': PYTHONPATH=/home/csav/ws_ros/build/cam_pkg/prefix_override:/usr/lib/python3/dist-packages/colcon_core/task/python/colcon_distutils_commands:/home/csav/ws_ros/install/cam_pkg/lib/python3.10/site-packages:${PYTHONPATH} /usr/bin/python3 -W ignore:setup.py install is deprecated setup.py egg_info --egg-base ../../build/cam_pkg build --build-base /home/csav/ws_ros/build/cam_pkg/build install --record /home/csav/ws_ros/build/cam_pkg/install.log --single-version-externally-managed install_data
