[0.475s] DEBUG:colcon:Command line arguments: ['/usr/bin/colcon', 'build', '--packages-select', 'cam_pkg']
[0.475s] DEBUG:colcon:Parsed command line arguments: Namespace(log_base=None, log_level=None, verb_name='build', build_base='build', install_base='install', merge_install=False, symlink_install=False, test_result_base=None, continue_on_error=False, executor='parallel', parallel_workers=4, event_handlers=None, ignore_user_meta=False, metas=['./colcon.meta'], base_paths=['.'], packages_ignore=None, packages_ignore_regex=None, paths=None, packages_up_to=None, packages_up_to_regex=None, packages_above=None, packages_above_and_dependencies=None, packages_above_depth=None, packages_select_by_dep=None, packages_skip_by_dep=None, packages_skip_up_to=None, packages_select_build_failed=False, packages_skip_build_finished=False, packages_select_test_failures=False, packages_skip_test_passed=False, packages_select=['cam_pkg'], packages_skip=None, packages_select_regex=None, packages_skip_regex=None, packages_start=None, packages_end=None, allow_overriding=[], cmake_args=None, cmake_target=None, cmake_target_skip_unavailable=False, cmake_clean_cache=False, cmake_clean_first=False, cmake_force_configure=False, ament_cmake_args=None, catkin_cmake_args=None, catkin_skip_building_tests=False, mixin_files=None, mixin=None, verb_parser=<colcon_mixin.mixin.mixin_argument.MixinArgumentDecorator object at 0xffffad2c5f60>, verb_extension=<colcon_core.verb.build.BuildVerb object at 0xffffad3da590>, main=<bound method BuildVerb.main of <colcon_core.verb.build.BuildVerb object at 0xffffad3da590>>, mixin_verb=('build',))
[1.281s] Level 1:colcon.colcon_core.package_discovery:discover_packages(colcon_meta) check parameters
[1.282s] Level 1:colcon.colcon_core.package_discovery:discover_packages(recursive) check parameters
[1.282s] Level 1:colcon.colcon_core.package_discovery:discover_packages(ignore) check parameters
[1.282s] Level 1:colcon.colcon_core.package_discovery:discover_packages(path) check parameters
[1.282s] Level 1:colcon.colcon_core.package_discovery:discover_packages(colcon_meta) discover
[1.282s] Level 1:colcon.colcon_core.package_discovery:discover_packages(recursive) discover
[1.283s] INFO:colcon.colcon_core.package_discovery:Crawling recursively for packages in '/home/csav/ws_ros'
[1.283s] Level 1:colcon.colcon_core.package_identification:_identify(.) by extensions ['ignore', 'ignore_ament_install']
[1.283s] Level 1:colcon.colcon_core.package_identification:_identify(.) by extension 'ignore'
[1.284s] Level 1:colcon.colcon_core.package_identification:_identify(.) by extension 'ignore_ament_install'
[1.284s] Level 1:colcon.colcon_core.package_identification:_identify(.) by extensions ['colcon_pkg']
[1.284s] Level 1:colcon.colcon_core.package_identification:_identify(.) by extension 'colcon_pkg'
[1.284s] Level 1:colcon.colcon_core.package_identification:_identify(.) by extensions ['colcon_meta']
[1.284s] Level 1:colcon.colcon_core.package_identification:_identify(.) by extension 'colcon_meta'
[1.284s] Level 1:colcon.colcon_core.package_identification:_identify(.) by extensions ['ros']
[1.285s] Level 1:colcon.colcon_core.package_identification:_identify(.) by extension 'ros'
[1.331s] Level 1:colcon.colcon_core.package_identification:_identify(.) by extensions ['cmake', 'python']
[1.331s] Level 1:colcon.colcon_core.package_identification:_identify(.) by extension 'cmake'
[1.331s] Level 1:colcon.colcon_core.package_identification:_identify(.) by extension 'python'
[1.331s] Level 1:colcon.colcon_core.package_identification:_identify(.) by extensions ['python_setup_py']
[1.331s] Level 1:colcon.colcon_core.package_identification:_identify(.) by extension 'python_setup_py'
[1.332s] Level 1:colcon.colcon_core.package_identification:_identify(build) by extensions ['ignore', 'ignore_ament_install']
[1.332s] Level 1:colcon.colcon_core.package_identification:_identify(build) by extension 'ignore'
[1.333s] Level 1:colcon.colcon_core.package_identification:_identify(build) ignored
[1.333s] Level 1:colcon.colcon_core.package_identification:_identify(install) by extensions ['ignore', 'ignore_ament_install']
[1.333s] Level 1:colcon.colcon_core.package_identification:_identify(install) by extension 'ignore'
[1.334s] Level 1:colcon.colcon_core.package_identification:_identify(install) ignored
[1.334s] Level 1:colcon.colcon_core.package_identification:_identify(log) by extensions ['ignore', 'ignore_ament_install']
[1.334s] Level 1:colcon.colcon_core.package_identification:_identify(log) by extension 'ignore'
[1.335s] Level 1:colcon.colcon_core.package_identification:_identify(log) ignored
[1.335s] Level 1:colcon.colcon_core.package_identification:_identify(src) by extensions ['ignore', 'ignore_ament_install']
[1.335s] Level 1:colcon.colcon_core.package_identification:_identify(src) by extension 'ignore'
[1.336s] Level 1:colcon.colcon_core.package_identification:_identify(src) by extension 'ignore_ament_install'
[1.336s] Level 1:colcon.colcon_core.package_identification:_identify(src) by extensions ['colcon_pkg']
[1.336s] Level 1:colcon.colcon_core.package_identification:_identify(src) by extension 'colcon_pkg'
[1.336s] Level 1:colcon.colcon_core.package_identification:_identify(src) by extensions ['colcon_meta']
[1.336s] Level 1:colcon.colcon_core.package_identification:_identify(src) by extension 'colcon_meta'
[1.336s] Level 1:colcon.colcon_core.package_identification:_identify(src) by extensions ['ros']
[1.336s] Level 1:colcon.colcon_core.package_identification:_identify(src) by extension 'ros'
[1.337s] Level 1:colcon.colcon_core.package_identification:_identify(src) by extensions ['cmake', 'python']
[1.337s] Level 1:colcon.colcon_core.package_identification:_identify(src) by extension 'cmake'
[1.337s] Level 1:colcon.colcon_core.package_identification:_identify(src) by extension 'python'
[1.337s] Level 1:colcon.colcon_core.package_identification:_identify(src) by extensions ['python_setup_py']
[1.337s] Level 1:colcon.colcon_core.package_identification:_identify(src) by extension 'python_setup_py'
[1.338s] Level 1:colcon.colcon_core.package_identification:_identify(src/cam_pkg) by extensions ['ignore', 'ignore_ament_install']
[1.338s] Level 1:colcon.colcon_core.package_identification:_identify(src/cam_pkg) by extension 'ignore'
[1.338s] Level 1:colcon.colcon_core.package_identification:_identify(src/cam_pkg) by extension 'ignore_ament_install'
[1.339s] Level 1:colcon.colcon_core.package_identification:_identify(src/cam_pkg) by extensions ['colcon_pkg']
[1.339s] Level 1:colcon.colcon_core.package_identification:_identify(src/cam_pkg) by extension 'colcon_pkg'
[1.339s] Level 1:colcon.colcon_core.package_identification:_identify(src/cam_pkg) by extensions ['colcon_meta']
[1.339s] Level 1:colcon.colcon_core.package_identification:_identify(src/cam_pkg) by extension 'colcon_meta'
[1.339s] Level 1:colcon.colcon_core.package_identification:_identify(src/cam_pkg) by extensions ['ros']
[1.339s] Level 1:colcon.colcon_core.package_identification:_identify(src/cam_pkg) by extension 'ros'
[1.349s] DEBUG:colcon.colcon_core.package_identification:Package 'src/cam_pkg' with type 'ros.ament_python' and name 'cam_pkg'
[1.349s] Level 1:colcon.colcon_core.package_identification:_identify(src/sim_gtg) by extensions ['ignore', 'ignore_ament_install']
[1.350s] Level 1:colcon.colcon_core.package_identification:_identify(src/sim_gtg) by extension 'ignore'
[1.350s] Level 1:colcon.colcon_core.package_identification:_identify(src/sim_gtg) by extension 'ignore_ament_install'
[1.350s] Level 1:colcon.colcon_core.package_identification:_identify(src/sim_gtg) by extensions ['colcon_pkg']
[1.350s] Level 1:colcon.colcon_core.package_identification:_identify(src/sim_gtg) by extension 'colcon_pkg'
[1.351s] Level 1:colcon.colcon_core.package_identification:_identify(src/sim_gtg) by extensions ['colcon_meta']
[1.351s] Level 1:colcon.colcon_core.package_identification:_identify(src/sim_gtg) by extension 'colcon_meta'
[1.351s] Level 1:colcon.colcon_core.package_identification:_identify(src/sim_gtg) by extensions ['ros']
[1.351s] Level 1:colcon.colcon_core.package_identification:_identify(src/sim_gtg) by extension 'ros'
[1.354s] DEBUG:colcon.colcon_core.package_identification:Package 'src/sim_gtg' with type 'ros.ament_python' and name 'sim_gtg'
[1.354s] Level 1:colcon.colcon_core.package_discovery:discover_packages(recursive) using defaults
[1.354s] Level 1:colcon.colcon_core.package_discovery:discover_packages(ignore) discover
[1.354s] Level 1:colcon.colcon_core.package_discovery:discover_packages(ignore) using defaults
[1.354s] Level 1:colcon.colcon_core.package_discovery:discover_packages(path) discover
[1.354s] Level 1:colcon.colcon_core.package_discovery:discover_packages(path) using defaults
[1.437s] INFO:colcon.colcon_core.package_selection:Skipping not selected package 'sim_gtg' in 'src/sim_gtg'
[1.439s] Level 1:colcon.colcon_core.package_discovery:discover_packages(prefix_path) check parameters
[1.439s] Level 1:colcon.colcon_core.package_discovery:discover_packages(prefix_path) discover
[1.454s] DEBUG:colcon.colcon_installed_package_information.package_discovery:Found 293 installed packages in /opt/ros/humble
[1.461s] Level 1:colcon.colcon_core.package_discovery:discover_packages(prefix_path) using defaults
[1.688s] Level 5:colcon.colcon_core.verb:set package 'cam_pkg' build argument 'cmake_args' from command line to 'None'
[1.688s] Level 5:colcon.colcon_core.verb:set package 'cam_pkg' build argument 'cmake_target' from command line to 'None'
[1.688s] Level 5:colcon.colcon_core.verb:set package 'cam_pkg' build argument 'cmake_target_skip_unavailable' from command line to 'False'
[1.688s] Level 5:colcon.colcon_core.verb:set package 'cam_pkg' build argument 'cmake_clean_cache' from command line to 'False'
[1.688s] Level 5:colcon.colcon_core.verb:set package 'cam_pkg' build argument 'cmake_clean_first' from command line to 'False'
[1.688s] Level 5:colcon.colcon_core.verb:set package 'cam_pkg' build argument 'cmake_force_configure' from command line to 'False'
[1.688s] Level 5:colcon.colcon_core.verb:set package 'cam_pkg' build argument 'ament_cmake_args' from command line to 'None'
[1.689s] Level 5:colcon.colcon_core.verb:set package 'cam_pkg' build argument 'catkin_cmake_args' from command line to 'None'
[1.689s] Level 5:colcon.colcon_core.verb:set package 'cam_pkg' build argument 'catkin_skip_building_tests' from command line to 'False'
[1.689s] DEBUG:colcon.colcon_core.verb:Building package 'cam_pkg' with the following arguments: {'ament_cmake_args': None, 'build_base': '/home/csav/ws_ros/build/cam_pkg', 'catkin_cmake_args': None, 'catkin_skip_building_tests': False, 'cmake_args': None, 'cmake_clean_cache': False, 'cmake_clean_first': False, 'cmake_force_configure': False, 'cmake_target': None, 'cmake_target_skip_unavailable': False, 'install_base': '/home/csav/ws_ros/install/cam_pkg', 'merge_install': False, 'path': '/home/csav/ws_ros/src/cam_pkg', 'symlink_install': False, 'test_result_base': None}
[1.689s] INFO:colcon.colcon_core.executor:Executing jobs using 'parallel' executor
[1.693s] DEBUG:colcon.colcon_parallel_executor.executor.parallel:run_until_complete
[1.694s] INFO:colcon.colcon_ros.task.ament_python.build:Building ROS package in '/home/csav/ws_ros/src/cam_pkg' with build type 'ament_python'
[1.695s] Level 1:colcon.colcon_core.shell:create_environment_hook('cam_pkg', 'ament_prefix_path')
[1.704s] INFO:colcon.colcon_core.plugin_system:Skipping extension 'colcon_core.shell.bat': Not used on non-Windows systems
[1.705s] INFO:colcon.colcon_core.shell:Creating environment hook '/home/csav/ws_ros/install/cam_pkg/share/cam_pkg/hook/ament_prefix_path.ps1'
[1.708s] INFO:colcon.colcon_core.shell:Creating environment descriptor '/home/csav/ws_ros/install/cam_pkg/share/cam_pkg/hook/ament_prefix_path.dsv'
[1.710s] INFO:colcon.colcon_core.shell:Creating environment hook '/home/csav/ws_ros/install/cam_pkg/share/cam_pkg/hook/ament_prefix_path.sh'
[1.713s] INFO:colcon.colcon_core.shell:Skip shell extension 'powershell' for command environment: Not usable outside of PowerShell
[1.713s] DEBUG:colcon.colcon_core.shell:Skip shell extension 'dsv' for command environment
[3.070s] INFO:colcon.colcon_core.task.python.build:Building Python package in '/home/csav/ws_ros/src/cam_pkg'
[3.071s] INFO:colcon.colcon_core.shell:Skip shell extension 'powershell' for command environment: Not usable outside of PowerShell
[3.071s] DEBUG:colcon.colcon_core.shell:Skip shell extension 'dsv' for command environment
[4.727s] DEBUG:colcon.colcon_core.event_handler.log_command:Invoking command in '/home/csav/ws_ros/src/cam_pkg': PYTHONPATH=/home/csav/ws_ros/build/cam_pkg/prefix_override:/usr/lib/python3/dist-packages/colcon_core/task/python/colcon_distutils_commands:/home/csav/ws_ros/install/cam_pkg/lib/python3.10/site-packages:${PYTHONPATH} /usr/bin/python3 -W ignore:setup.py install is deprecated setup.py egg_info --egg-base ../../build/cam_pkg build --build-base /home/csav/ws_ros/build/cam_pkg/build install --record /home/csav/ws_ros/build/cam_pkg/install.log --single-version-externally-managed install_data
[6.220s] DEBUG:colcon.colcon_core.event_handler.log_command:Invoked command in '/home/csav/ws_ros/src/cam_pkg' returned '0': PYTHONPATH=/home/csav/ws_ros/build/cam_pkg/prefix_override:/usr/lib/python3/dist-packages/colcon_core/task/python/colcon_distutils_commands:/home/csav/ws_ros/install/cam_pkg/lib/python3.10/site-packages:${PYTHONPATH} /usr/bin/python3 -W ignore:setup.py install is deprecated setup.py egg_info --egg-base ../../build/cam_pkg build --build-base /home/csav/ws_ros/build/cam_pkg/build install --record /home/csav/ws_ros/build/cam_pkg/install.log --single-version-externally-managed install_data
[6.232s] Level 1:colcon.colcon_core.environment:checking '/home/csav/ws_ros/install/cam_pkg' for CMake module files
[6.235s] Level 1:colcon.colcon_core.environment:checking '/home/csav/ws_ros/install/cam_pkg' for CMake config files
[6.239s] Level 1:colcon.colcon_core.environment:checking '/home/csav/ws_ros/install/cam_pkg/lib'
[6.240s] Level 1:colcon.colcon_core.environment:checking '/home/csav/ws_ros/install/cam_pkg/bin'
[6.240s] Level 1:colcon.colcon_core.environment:checking '/home/csav/ws_ros/install/cam_pkg/lib/pkgconfig/cam_pkg.pc'
[6.241s] Level 1:colcon.colcon_core.environment:checking '/home/csav/ws_ros/install/cam_pkg/lib/python3.10/site-packages'
[6.241s] Level 1:colcon.colcon_core.shell:create_environment_hook('cam_pkg', 'pythonpath')
[6.242s] INFO:colcon.colcon_core.shell:Creating environment hook '/home/csav/ws_ros/install/cam_pkg/share/cam_pkg/hook/pythonpath.ps1'
[6.244s] INFO:colcon.colcon_core.shell:Creating environment descriptor '/home/csav/ws_ros/install/cam_pkg/share/cam_pkg/hook/pythonpath.dsv'
[6.245s] INFO:colcon.colcon_core.shell:Creating environment hook '/home/csav/ws_ros/install/cam_pkg/share/cam_pkg/hook/pythonpath.sh'
[6.247s] Level 1:colcon.colcon_core.environment:checking '/home/csav/ws_ros/install/cam_pkg/bin'
[6.248s] Level 1:colcon.colcon_core.environment:create_environment_scripts_only(cam_pkg)
[6.249s] INFO:colcon.colcon_core.shell:Creating package script '/home/csav/ws_ros/install/cam_pkg/share/cam_pkg/package.ps1'
[6.252s] INFO:colcon.colcon_core.shell:Creating package descriptor '/home/csav/ws_ros/install/cam_pkg/share/cam_pkg/package.dsv'
[6.256s] INFO:colcon.colcon_core.shell:Creating package script '/home/csav/ws_ros/install/cam_pkg/share/cam_pkg/package.sh'
[6.259s] INFO:colcon.colcon_core.shell:Creating package script '/home/csav/ws_ros/install/cam_pkg/share/cam_pkg/package.bash'
[6.262s] INFO:colcon.colcon_core.shell:Creating package script '/home/csav/ws_ros/install/cam_pkg/share/cam_pkg/package.zsh'
[6.265s] Level 1:colcon.colcon_core.environment:create_file_with_runtime_dependencies(/home/csav/ws_ros/install/cam_pkg/share/colcon-core/packages/cam_pkg)
[6.267s] DEBUG:colcon.colcon_parallel_executor.executor.parallel:closing loop
[6.269s] DEBUG:colcon.colcon_parallel_executor.executor.parallel:loop closed
[6.269s] DEBUG:colcon.colcon_parallel_executor.executor.parallel:run_until_complete finished with '0'
[6.269s] DEBUG:colcon.colcon_core.event_reactor:joining thread
[6.301s] INFO:colcon.colcon_core.plugin_system:Skipping extension 'colcon_notification.desktop_notification.terminal_notifier': Not used on non-Darwin systems
[6.302s] INFO:colcon.colcon_core.plugin_system:Skipping extension 'colcon_notification.desktop_notification.win32': Not used on non-Windows systems
[6.302s] INFO:colcon.colcon_notification.desktop_notification:Sending desktop notification using 'notify2'
[6.361s] DEBUG:colcon.colcon_core.event_reactor:joined thread
[6.363s] INFO:colcon.colcon_core.shell:Creating prefix script '/home/csav/ws_ros/install/local_setup.ps1'
[6.367s] INFO:colcon.colcon_core.shell:Creating prefix util module '/home/csav/ws_ros/install/_local_setup_util_ps1.py'
[6.373s] INFO:colcon.colcon_core.shell:Creating prefix chain script '/home/csav/ws_ros/install/setup.ps1'
[6.378s] INFO:colcon.colcon_core.shell:Creating prefix script '/home/csav/ws_ros/install/local_setup.sh'
[6.381s] INFO:colcon.colcon_core.shell:Creating prefix util module '/home/csav/ws_ros/install/_local_setup_util_sh.py'
[6.384s] INFO:colcon.colcon_core.shell:Creating prefix chain script '/home/csav/ws_ros/install/setup.sh'
[6.389s] INFO:colcon.colcon_core.shell:Creating prefix script '/home/csav/ws_ros/install/local_setup.bash'
[6.391s] INFO:colcon.colcon_core.shell:Creating prefix chain script '/home/csav/ws_ros/install/setup.bash'
[6.396s] INFO:colcon.colcon_core.shell:Creating prefix script '/home/csav/ws_ros/install/local_setup.zsh'
[6.398s] INFO:colcon.colcon_core.shell:Creating prefix chain script '/home/csav/ws_ros/install/setup.zsh'
